<?xml version="1.0" encoding="UTF-8"?>
<testng-results ignored="0" total="1" passed="1" failed="0" skipped="0">
  <reporter-output>
  </reporter-output>
  <suite started-at="2022-05-26T12:58:36 IST" name="Cucumber Test Suite" finished-at="2022-05-26T12:59:07 IST" duration-ms="31046">
    <groups>
      <group name="cucumber">
        <method signature="AbstractTestNGCucumberTests.runScenario(io.cucumber.testng.PickleWrapper,io.cucumber.testng.FeatureWrapper)[pri:0, instance:testRunner.TestNGTestRunner$TestRunner@27406a17]" name="runScenario" class="io.cucumber.testng.AbstractTestNGCucumberTests"/>
      </group> <!-- cucumber -->
    </groups>
    <test started-at="2022-05-26T12:58:36 IST" name="FB Login" finished-at="2022-05-26T12:59:07 IST" duration-ms="31046">
      <class name="testRunner.TestNGTestRunner$TestRunner">
        <test-method is-config="true" signature="setUpClass(org.testng.ITestContext)[pri:0, instance:testRunner.TestNGTestRunner$TestRunner@27406a17]" started-at="2022-05-26T12:58:36 IST" name="setUpClass" finished-at="2022-05-26T12:58:39 IST" duration-ms="3006" status="PASS">
          <params>
            <param index="0">
              <value>
                <![CDATA[org.testng.TestRunner@69de5bed]]>
              </value>
            </param>
          </params>
          <reporter-output>
          </reporter-output>
        </test-method> <!-- setUpClass -->
        <test-method signature="runScenario(io.cucumber.testng.PickleWrapper,io.cucumber.testng.FeatureWrapper)[pri:0, instance:testRunner.TestNGTestRunner$TestRunner@27406a17]" started-at="2022-05-26T12:58:40 IST" name="runScenario" description="Runs Cucumber Scenarios" data-provider="scenarios" finished-at="2022-05-26T12:59:07 IST" duration-ms="27630" status="PASS">
          <params>
            <param index="0">
              <value>
                <![CDATA["FB login with one user"]]>
              </value>
            </param>
            <param index="1">
              <value>
                <![CDATA["FB Login page validation"]]>
              </value>
            </param>
          </params>
          <reporter-output>
          </reporter-output>
        </test-method> <!-- runScenario -->
        <test-method is-config="true" signature="tearDownClass()[pri:0, instance:testRunner.TestNGTestRunner$TestRunner@27406a17]" started-at="2022-05-26T12:59:07 IST" name="tearDownClass" finished-at="2022-05-26T12:59:07 IST" duration-ms="268" status="PASS">
          <reporter-output>
          </reporter-output>
        </test-method> <!-- tearDownClass -->
      </class> <!-- testRunner.TestNGTestRunner$TestRunner -->
    </test> <!-- FB Login -->
  </suite> <!-- Cucumber Test Suite -->
</testng-results>
